2020-04-07 13:55:06,000 INFO: errors [in app.py:72]
2020-04-07 13:55:23,053 INFO: errors [in app.py:72]
2020-04-07 13:55:23,402 INFO: errors [in app.py:72]
2020-04-07 14:07:55,428 INFO: errors [in app.py:72]
2020-04-08 14:08:10,033 INFO: errors [in app.py:76]
2020-04-08 14:15:30,386 INFO: errors [in app.py:87]
2020-04-08 14:15:59,574 INFO: errors [in app.py:87]
2020-04-08 14:53:55,345 INFO: errors [in app.py:90]
2020-04-08 14:53:55,707 INFO: errors [in app.py:90]
2020-04-08 15:06:53,296 INFO: errors [in app.py:90]
2020-04-08 15:06:53,667 INFO: errors [in app.py:90]
2020-04-08 15:08:43,953 INFO: errors [in app.py:90]
2020-04-08 15:11:19,373 INFO: errors [in app.py:90]
2020-04-08 15:11:42,365 INFO: errors [in app.py:90]
2020-04-08 15:12:28,684 INFO: errors [in app.py:90]
2020-04-08 15:12:52,611 INFO: errors [in app.py:90]
2020-04-08 15:12:55,161 INFO: errors [in app.py:90]
2020-04-08 15:21:49,117 INFO: errors [in app.py:90]
2020-04-08 15:22:43,138 INFO: errors [in app.py:91]
2020-04-08 15:22:58,987 INFO: errors [in app.py:92]
2020-04-08 15:23:51,568 INFO: errors [in app.py:93]
2020-04-08 15:32:59,001 INFO: errors [in app.py:93]
2020-04-08 15:33:51,599 INFO: errors [in app.py:90]
2020-04-08 15:34:15,641 INFO: errors [in app.py:90]
2020-04-08 19:44:58,647 INFO: errors [in app.py:90]
2020-04-08 19:45:16,973 INFO: errors [in app.py:90]
2020-04-08 19:45:26,361 INFO: errors [in app.py:90]
2020-04-08 19:45:38,456 INFO: errors [in app.py:90]
2020-04-08 19:51:56,701 INFO: errors [in app.py:102]
2020-04-08 19:51:57,069 INFO: errors [in app.py:102]
2020-04-08 19:52:54,237 INFO: errors [in app.py:102]
2020-04-08 19:55:55,017 INFO: errors [in app.py:102]
2020-04-08 19:58:28,052 INFO: errors [in app.py:102]
2020-04-08 19:58:49,955 INFO: errors [in app.py:102]
2020-04-08 19:59:09,794 INFO: errors [in app.py:102]
2020-04-08 19:59:34,789 INFO: errors [in app.py:102]
2020-04-08 20:00:00,269 INFO: errors [in app.py:102]
2020-04-08 20:00:19,226 INFO: errors [in app.py:102]
2020-04-08 20:02:17,633 INFO: errors [in app.py:102]
2020-04-08 20:02:30,805 INFO: errors [in app.py:102]
2020-04-08 20:02:54,786 INFO: errors [in app.py:102]
2020-04-08 20:04:08,991 INFO: errors [in app.py:102]
2020-04-08 20:10:32,142 INFO: errors [in app.py:108]
2020-04-08 21:59:54,170 INFO: errors [in app.py:111]
2020-04-08 21:59:54,871 INFO: errors [in app.py:111]
2020-04-08 22:02:54,182 INFO: errors [in app.py:111]
2020-04-08 22:07:44,360 INFO: errors [in app.py:111]
2020-04-08 22:27:35,813 INFO: errors [in app.py:112]
2020-04-08 22:27:59,709 INFO: errors [in app.py:112]
2020-04-08 22:28:29,721 INFO: errors [in app.py:112]
2020-04-08 22:28:43,465 INFO: errors [in app.py:112]
2020-04-08 22:34:04,103 INFO: errors [in app.py:113]
2020-04-08 22:34:14,759 INFO: errors [in app.py:113]
2020-04-08 22:34:22,200 INFO: errors [in app.py:114]
2020-04-08 22:34:33,622 INFO: errors [in app.py:115]
2020-04-08 22:34:59,017 INFO: errors [in app.py:115]
2020-04-08 22:35:12,080 INFO: errors [in app.py:115]
2020-04-08 22:37:01,357 INFO: errors [in app.py:125]
2020-04-08 22:39:40,164 INFO: errors [in app.py:152]
2020-04-08 22:42:21,235 INFO: errors [in app.py:160]
2020-04-08 22:43:04,210 INFO: errors [in app.py:151]
2020-04-08 22:44:04,614 INFO: errors [in app.py:147]
2020-04-08 22:46:27,457 INFO: errors [in app.py:126]
2020-04-08 22:46:37,157 INFO: errors [in app.py:126]
2020-04-08 22:46:43,634 INFO: errors [in app.py:126]
2020-04-08 22:46:49,221 INFO: errors [in app.py:126]
2020-04-08 22:47:01,372 INFO: errors [in app.py:126]
2020-04-08 22:49:30,454 INFO: errors [in app.py:129]
2020-04-08 22:50:15,115 INFO: errors [in app.py:129]
2020-04-08 22:50:15,926 INFO: errors [in app.py:129]
2020-04-08 22:52:23,180 INFO: errors [in app.py:129]
2020-04-08 22:52:36,811 INFO: errors [in app.py:129]
2020-04-09 14:11:00,304 INFO: errors [in app.py:117]
2020-04-09 14:12:26,092 INFO: errors [in app.py:115]
2020-04-09 14:16:53,567 INFO: errors [in app.py:125]
2020-04-09 14:16:54,382 INFO: errors [in app.py:125]
2020-04-09 14:26:21,427 INFO: errors [in app.py:125]
2020-04-09 14:28:14,047 INFO: errors [in app.py:125]
2020-04-09 14:28:14,861 INFO: errors [in app.py:125]
2020-04-09 14:28:48,755 INFO: errors [in app.py:125]
2020-04-09 14:29:09,690 INFO: errors [in app.py:125]
2020-04-09 14:29:34,206 INFO: errors [in app.py:125]
2020-04-09 14:30:02,835 INFO: errors [in app.py:125]
2020-04-09 14:59:03,902 INFO: errors [in app.py:125]
2020-04-09 14:59:05,817 INFO: errors [in app.py:125]
2020-04-09 15:01:59,097 INFO: errors [in app.py:126]
2020-04-09 15:02:10,345 INFO: errors [in app.py:126]
2020-04-09 15:03:15,009 INFO: errors [in app.py:126]
2020-04-09 15:03:58,835 INFO: errors [in app.py:128]
2020-04-09 15:04:03,836 INFO: errors [in app.py:127]
2020-04-09 15:05:21,124 INFO: errors [in app.py:127]
2020-04-09 15:05:33,387 INFO: errors [in app.py:127]
2020-04-09 15:10:03,174 INFO: errors [in app.py:127]
2020-04-09 15:10:28,363 INFO: errors [in app.py:127]
2020-04-09 15:18:06,734 INFO: errors [in app.py:128]
2020-04-09 15:19:29,612 INFO: errors [in app.py:128]
2020-04-09 15:20:59,173 INFO: errors [in app.py:129]
2020-04-09 15:23:26,310 INFO: errors [in app.py:128]
2020-04-09 15:26:48,046 INFO: errors [in app.py:132]
2020-04-09 15:26:48,691 INFO: errors [in app.py:132]
2020-04-09 15:27:41,867 INFO: errors [in app.py:132]
2020-04-09 15:27:49,234 INFO: errors [in app.py:132]
2020-04-09 15:30:04,703 INFO: errors [in app.py:132]
2020-04-09 15:31:26,720 INFO: errors [in app.py:132]
2020-04-09 15:32:48,992 INFO: errors [in app.py:140]
2020-04-09 15:32:59,657 INFO: errors [in app.py:140]
2020-04-09 15:33:39,959 INFO: errors [in app.py:140]
2020-04-09 15:36:58,065 INFO: errors [in app.py:140]
2020-04-09 15:37:00,283 INFO: errors [in app.py:140]
2020-04-09 15:37:04,553 INFO: errors [in app.py:140]
2020-04-09 15:40:44,567 INFO: errors [in app.py:140]
2020-04-09 15:43:14,215 INFO: errors [in app.py:141]
2020-04-09 15:44:34,911 INFO: errors [in app.py:140]
2020-04-09 15:45:54,941 INFO: errors [in app.py:140]
2020-04-09 15:46:01,595 INFO: errors [in app.py:140]
2020-04-09 15:46:25,768 INFO: errors [in app.py:139]
2020-04-11 16:53:04,789 INFO: errors [in app.py:139]
2020-04-11 16:53:05,808 INFO: errors [in app.py:139]
2020-04-11 18:15:50,692 INFO: errors [in app.py:145]
2020-04-11 18:19:28,919 INFO: errors [in app.py:149]
2020-04-11 18:19:29,622 INFO: errors [in app.py:149]
2020-04-11 18:20:09,638 INFO: errors [in app.py:149]
2020-04-11 18:20:12,927 INFO: errors [in app.py:149]
2020-04-11 18:21:50,807 INFO: errors [in app.py:149]
2020-04-11 18:23:04,693 INFO: errors [in app.py:149]
2020-04-11 18:23:20,525 INFO: errors [in app.py:149]
2020-04-11 18:23:35,106 INFO: errors [in app.py:149]
2020-04-11 18:23:51,941 INFO: errors [in app.py:149]
2020-04-11 18:24:50,172 INFO: errors [in app.py:149]
2020-04-11 18:25:29,313 INFO: errors [in app.py:149]
2020-04-11 18:27:30,068 INFO: errors [in app.py:150]
2020-04-11 18:30:25,447 INFO: errors [in app.py:150]
2020-04-11 18:31:19,963 INFO: errors [in app.py:151]
2020-04-11 18:31:58,915 INFO: errors [in app.py:153]
2020-04-11 18:32:35,236 INFO: errors [in app.py:153]
2020-04-11 18:32:51,779 INFO: errors [in app.py:153]
2020-04-11 18:33:37,760 INFO: errors [in app.py:153]
2020-04-12 11:18:19,647 INFO: errors [in app.py:154]
2020-04-12 11:18:20,399 INFO: errors [in app.py:154]
2020-04-12 12:49:40,588 INFO: errors [in app.py:153]
2020-04-12 13:01:19,028 INFO: errors [in app.py:154]
2020-04-12 17:43:46,545 INFO: errors [in app.py:154]
2020-04-12 17:43:47,223 INFO: errors [in app.py:154]
2020-04-12 17:45:43,419 INFO: errors [in app.py:154]
2020-04-12 17:45:44,082 INFO: errors [in app.py:154]
2020-04-12 17:46:35,478 INFO: errors [in app.py:152]
2020-04-12 17:47:23,830 INFO: errors [in app.py:152]
2020-04-12 17:47:48,181 INFO: errors [in app.py:152]
2020-04-12 17:47:48,826 INFO: errors [in app.py:152]
2020-04-12 17:48:42,685 INFO: errors [in app.py:152]
2020-04-12 17:48:43,463 INFO: errors [in app.py:152]
2020-04-13 10:58:12,427 INFO: errors [in app.py:157]
2020-04-13 10:58:20,361 INFO: errors [in app.py:157]
2020-04-13 11:03:37,039 INFO: errors [in app.py:161]
2020-04-13 11:03:39,551 INFO: errors [in app.py:161]
2020-04-13 11:04:03,845 INFO: errors [in app.py:161]
2020-04-13 11:04:05,787 INFO: errors [in app.py:161]
2020-04-13 11:06:06,514 INFO: errors [in app.py:165]
2020-04-13 11:06:08,687 INFO: errors [in app.py:165]
2020-04-13 11:06:25,083 INFO: errors [in app.py:165]
2020-04-13 11:06:57,244 INFO: errors [in app.py:165]
2020-04-13 11:06:59,580 INFO: errors [in app.py:165]
2020-04-13 11:10:54,420 INFO: errors [in app.py:187]
2020-04-13 11:10:57,277 INFO: errors [in app.py:187]
2020-04-13 11:13:57,916 INFO: errors [in app.py:187]
2020-04-13 11:14:00,220 INFO: errors [in app.py:187]
2020-04-13 11:14:42,633 INFO: errors [in app.py:174]
2020-04-13 11:15:09,098 INFO: errors [in app.py:174]
2020-04-13 11:22:40,974 INFO: errors [in app.py:178]
2020-04-13 11:22:42,794 INFO: errors [in app.py:178]
2020-04-13 11:28:06,866 INFO: errors [in app.py:179]
2020-04-13 11:28:09,071 INFO: errors [in app.py:179]
2020-04-13 11:44:44,857 INFO: errors [in app.py:155]
2020-04-13 11:47:09,600 INFO: errors [in app.py:155]
2020-04-13 11:53:27,325 INFO: errors [in app.py:151]
2020-04-13 11:53:30,636 INFO: errors [in app.py:151]
2020-04-13 11:58:14,532 INFO: errors [in app.py:151]
2020-04-13 11:58:16,479 INFO: errors [in app.py:151]
2020-04-13 12:00:43,128 INFO: errors [in app.py:151]
2020-04-13 12:08:27,466 INFO: errors [in app.py:151]
2020-04-13 12:08:29,650 INFO: errors [in app.py:151]
2020-04-13 12:08:44,291 INFO: errors [in app.py:151]
2020-04-13 12:09:15,474 INFO: errors [in app.py:151]
2020-04-13 12:09:31,585 INFO: errors [in app.py:151]
2020-04-13 12:10:20,902 INFO: errors [in app.py:151]
2020-04-13 12:18:19,783 INFO: errors [in app.py:137]
2020-04-13 12:18:29,884 INFO: errors [in app.py:137]
2020-04-13 12:22:30,557 INFO: errors [in app.py:137]
2020-04-13 12:23:00,309 INFO: errors [in app.py:138]
2020-04-13 12:23:37,028 INFO: errors [in app.py:139]
2020-04-13 12:23:51,563 INFO: errors [in app.py:139]
2020-04-13 12:26:01,226 INFO: errors [in app.py:139]
2020-04-13 12:26:03,103 INFO: errors [in app.py:139]
2020-04-13 12:27:45,194 INFO: errors [in app.py:139]
2020-04-13 12:28:08,213 INFO: errors [in app.py:139]
2020-04-13 12:28:29,583 INFO: errors [in app.py:139]
2020-04-13 12:34:38,953 INFO: errors [in app.py:139]
2020-04-13 12:39:14,569 INFO: errors [in app.py:143]
2020-04-13 12:39:16,489 INFO: errors [in app.py:143]
2020-04-13 15:33:58,944 INFO: errors [in app.py:143]
2020-04-13 15:34:07,828 INFO: errors [in app.py:143]
2020-04-16 11:39:42,766 INFO: errors [in app.py:143]
2020-04-16 11:40:09,598 INFO: errors [in app.py:143]
2020-04-16 11:42:54,753 INFO: errors [in app.py:143]
2020-04-16 11:43:49,091 INFO: errors [in app.py:144]
2020-04-16 11:45:41,661 INFO: errors [in app.py:144]
2020-04-16 11:46:54,969 INFO: errors [in app.py:144]
2020-04-16 11:50:53,347 INFO: errors [in app.py:144]
2020-04-16 12:15:51,369 INFO: errors [in app.py:156]
2020-04-16 12:15:51,373 INFO: Running on http://127.0.0.1:8050/dash/ [in /Users/jordanlange/anaconda3/lib/python3.6/site-packages/dash/dash.py:1496]
2020-04-16 12:15:51,373 INFO: Debugger PIN: 982-913-567 [in /Users/jordanlange/anaconda3/lib/python3.6/site-packages/dash/dash.py:1507]
2020-04-16 12:15:53,267 INFO: errors [in /Users/jordanlange/Documents/projects/profitanalysis/app.py:156]
2020-04-16 12:15:53,269 INFO: Running on http://127.0.0.1:8050/dash/ [in /Users/jordanlange/anaconda3/lib/python3.6/site-packages/dash/dash.py:1496]
2020-04-16 12:15:53,269 INFO: Debugger PIN: 701-736-027 [in /Users/jordanlange/anaconda3/lib/python3.6/site-packages/dash/dash.py:1507]
2020-04-16 12:18:12,952 INFO: errors [in app.py:156]
2020-04-16 12:18:12,954 INFO: Running on http://0.0.0.0:5000/dash/ [in /Users/jordanlange/anaconda3/lib/python3.6/site-packages/dash/dash.py:1496]
2020-04-16 12:18:12,955 INFO: Debugger PIN: 995-108-026 [in /Users/jordanlange/anaconda3/lib/python3.6/site-packages/dash/dash.py:1507]
2020-04-16 12:18:14,981 INFO: errors [in /Users/jordanlange/Documents/projects/profitanalysis/app.py:156]
2020-04-16 12:18:14,982 INFO: Running on http://0.0.0.0:5000/dash/ [in /Users/jordanlange/anaconda3/lib/python3.6/site-packages/dash/dash.py:1496]
2020-04-16 12:18:14,983 INFO: Debugger PIN: 462-403-198 [in /Users/jordanlange/anaconda3/lib/python3.6/site-packages/dash/dash.py:1507]
2020-04-16 12:18:36,037 INFO: errors [in /Users/jordanlange/Documents/projects/profitanalysis/app.py:156]
2020-04-16 12:18:36,043 INFO: Running on http://0.0.0.0:5000/dash/ [in /Users/jordanlange/anaconda3/lib/python3.6/site-packages/dash/dash.py:1496]
2020-04-16 12:18:36,051 INFO: Debugger PIN: 958-261-027 [in /Users/jordanlange/anaconda3/lib/python3.6/site-packages/dash/dash.py:1507]
2020-04-16 12:20:44,266 INFO: errors [in /Users/jordanlange/Documents/projects/profitanalysis/app.py:162]
2020-04-16 12:20:44,267 INFO: Running on http://0.0.0.0:5000/dash/ [in /Users/jordanlange/anaconda3/lib/python3.6/site-packages/dash/dash.py:1496]
2020-04-16 12:20:44,268 INFO: Debugger PIN: 724-626-220 [in /Users/jordanlange/anaconda3/lib/python3.6/site-packages/dash/dash.py:1507]
2020-04-16 12:20:54,565 INFO: errors [in /Users/jordanlange/Documents/projects/profitanalysis/app.py:162]
2020-04-16 12:20:54,574 INFO: Running on http://0.0.0.0:5000/dash/ [in /Users/jordanlange/anaconda3/lib/python3.6/site-packages/dash/dash.py:1496]
2020-04-16 12:20:54,576 INFO: Debugger PIN: 029-779-575 [in /Users/jordanlange/anaconda3/lib/python3.6/site-packages/dash/dash.py:1507]
2020-04-16 12:23:47,798 INFO: errors [in /Users/jordanlange/Documents/projects/profitanalysis/app.py:160]
2020-04-16 12:23:47,801 INFO: Running on http://0.0.0.0:5000/dash/ [in /Users/jordanlange/anaconda3/lib/python3.6/site-packages/dash/dash.py:1496]
2020-04-16 12:23:47,801 INFO: Debugger PIN: 316-522-258 [in /Users/jordanlange/anaconda3/lib/python3.6/site-packages/dash/dash.py:1507]
2020-04-16 12:24:47,927 INFO: errors [in /Users/jordanlange/Documents/projects/profitanalysis/app.py:158]
2020-04-16 12:24:47,930 INFO: Running on http://0.0.0.0:5000/dash/ [in /Users/jordanlange/anaconda3/lib/python3.6/site-packages/dash/dash.py:1496]
2020-04-16 12:24:47,930 INFO: Debugger PIN: 819-609-607 [in /Users/jordanlange/anaconda3/lib/python3.6/site-packages/dash/dash.py:1507]
2020-04-16 12:25:05,717 INFO: errors [in /Users/jordanlange/Documents/projects/profitanalysis/app.py:158]
2020-04-16 12:25:05,719 INFO: Running on http://0.0.0.0:5000/dash/ [in /Users/jordanlange/anaconda3/lib/python3.6/site-packages/dash/dash.py:1496]
2020-04-16 12:25:05,719 INFO: Debugger PIN: 883-105-560 [in /Users/jordanlange/anaconda3/lib/python3.6/site-packages/dash/dash.py:1507]
2020-04-16 12:26:02,892 INFO: errors [in /Users/jordanlange/Documents/projects/profitanalysis/app.py:159]
2020-04-16 12:26:02,895 INFO: Running on http://0.0.0.0:5000/dash/ [in /Users/jordanlange/anaconda3/lib/python3.6/site-packages/dash/dash.py:1496]
2020-04-16 12:26:02,896 INFO: Debugger PIN: 857-474-126 [in /Users/jordanlange/anaconda3/lib/python3.6/site-packages/dash/dash.py:1507]
2020-04-16 12:26:24,798 INFO: errors [in /Users/jordanlange/Documents/projects/profitanalysis/app.py:158]
2020-04-16 12:26:24,803 INFO: Running on http://0.0.0.0:5000/dash/ [in /Users/jordanlange/anaconda3/lib/python3.6/site-packages/dash/dash.py:1496]
2020-04-16 12:26:24,805 INFO: Debugger PIN: 657-761-485 [in /Users/jordanlange/anaconda3/lib/python3.6/site-packages/dash/dash.py:1507]
2020-04-16 12:53:59,892 INFO: errors [in app.py:158]
2020-04-16 12:53:59,896 INFO: Running on http://0.0.0.0:5000/dash/ [in /Users/jordanlange/anaconda3/lib/python3.6/site-packages/dash/dash.py:1496]
2020-04-16 12:53:59,896 INFO: Debugger PIN: 728-464-028 [in /Users/jordanlange/anaconda3/lib/python3.6/site-packages/dash/dash.py:1507]
2020-04-16 12:54:01,913 INFO: errors [in /Users/jordanlange/Documents/projects/profitanalysis/app.py:158]
2020-04-16 12:54:01,915 INFO: Running on http://0.0.0.0:5000/dash/ [in /Users/jordanlange/anaconda3/lib/python3.6/site-packages/dash/dash.py:1496]
2020-04-16 12:54:01,915 INFO: Debugger PIN: 604-208-736 [in /Users/jordanlange/anaconda3/lib/python3.6/site-packages/dash/dash.py:1507]
2020-04-16 12:56:42,280 INFO: errors [in app.py:162]
2020-04-16 12:56:42,282 INFO: Running on http://0.0.0.0:5000/dash/ [in /Users/jordanlange/anaconda3/lib/python3.6/site-packages/dash/dash.py:1496]
2020-04-16 12:56:42,282 INFO: Debugger PIN: 414-948-248 [in /Users/jordanlange/anaconda3/lib/python3.6/site-packages/dash/dash.py:1507]
2020-04-16 12:56:45,465 INFO: errors [in /Users/jordanlange/Documents/projects/profitanalysis/app.py:162]
2020-04-16 12:56:45,467 INFO: Running on http://0.0.0.0:5000/dash/ [in /Users/jordanlange/anaconda3/lib/python3.6/site-packages/dash/dash.py:1496]
2020-04-16 12:56:45,467 INFO: Debugger PIN: 788-326-519 [in /Users/jordanlange/anaconda3/lib/python3.6/site-packages/dash/dash.py:1507]
2020-04-16 12:58:08,008 INFO: errors [in /Users/jordanlange/Documents/projects/profitanalysis/app.py:162]
2020-04-16 12:58:08,014 INFO: Running on http://0.0.0.0:5000/dash/ [in /Users/jordanlange/anaconda3/lib/python3.6/site-packages/dash/dash.py:1496]
2020-04-16 12:58:08,015 INFO: Debugger PIN: 582-445-980 [in /Users/jordanlange/anaconda3/lib/python3.6/site-packages/dash/dash.py:1507]
2020-04-16 12:58:51,047 INFO: errors [in /Users/jordanlange/Documents/projects/profitanalysis/app.py:162]
2020-04-16 12:58:51,051 INFO: Running on http://0.0.0.0:5000/dash/ [in /Users/jordanlange/anaconda3/lib/python3.6/site-packages/dash/dash.py:1496]
2020-04-16 12:58:51,051 INFO: Debugger PIN: 383-827-294 [in /Users/jordanlange/anaconda3/lib/python3.6/site-packages/dash/dash.py:1507]
2020-04-16 13:01:15,737 INFO: errors [in app.py:161]
2020-04-16 13:01:15,739 INFO: Running on http://0.0.0.0:5000/dash/ [in /Users/jordanlange/anaconda3/lib/python3.6/site-packages/dash/dash.py:1496]
2020-04-16 13:01:15,740 INFO: Debugger PIN: 569-821-047 [in /Users/jordanlange/anaconda3/lib/python3.6/site-packages/dash/dash.py:1507]
2020-04-16 13:01:18,255 INFO: errors [in /Users/jordanlange/Documents/projects/profitanalysis/app.py:161]
2020-04-16 13:01:18,257 INFO: Running on http://0.0.0.0:5000/dash/ [in /Users/jordanlange/anaconda3/lib/python3.6/site-packages/dash/dash.py:1496]
2020-04-16 13:01:18,257 INFO: Debugger PIN: 629-093-816 [in /Users/jordanlange/anaconda3/lib/python3.6/site-packages/dash/dash.py:1507]
2020-04-16 13:02:16,724 INFO: errors [in /Users/jordanlange/Documents/projects/profitanalysis/app.py:163]
2020-04-16 13:02:16,725 INFO: Running on http://0.0.0.0:5000/dash/ [in /Users/jordanlange/anaconda3/lib/python3.6/site-packages/dash/dash.py:1496]
2020-04-16 13:02:16,726 INFO: Debugger PIN: 037-111-307 [in /Users/jordanlange/anaconda3/lib/python3.6/site-packages/dash/dash.py:1507]
2020-04-16 15:43:16,649 INFO: errors [in app.py:173]
2020-04-16 15:43:16,653 INFO: Running on http://0.0.0.0:5000/dash/ [in /Users/jordanlange/anaconda3/lib/python3.6/site-packages/dash/dash.py:1496]
2020-04-16 15:43:16,653 INFO: Debugger PIN: 554-844-771 [in /Users/jordanlange/anaconda3/lib/python3.6/site-packages/dash/dash.py:1507]
2020-04-16 15:43:24,750 INFO: errors [in /Users/jordanlange/Documents/projects/profitanalysis/app.py:173]
2020-04-16 15:43:24,755 INFO: Running on http://0.0.0.0:5000/dash/ [in /Users/jordanlange/anaconda3/lib/python3.6/site-packages/dash/dash.py:1496]
2020-04-16 15:43:24,756 INFO: Debugger PIN: 498-973-205 [in /Users/jordanlange/anaconda3/lib/python3.6/site-packages/dash/dash.py:1507]
2020-04-16 15:43:47,171 INFO: errors [in /Users/jordanlange/Documents/projects/profitanalysis/app.py:173]
2020-04-16 15:43:47,173 INFO: Running on http://0.0.0.0:5000/dash/ [in /Users/jordanlange/anaconda3/lib/python3.6/site-packages/dash/dash.py:1496]
2020-04-16 15:43:47,173 INFO: Debugger PIN: 197-028-074 [in /Users/jordanlange/anaconda3/lib/python3.6/site-packages/dash/dash.py:1507]
2020-04-16 15:48:06,520 INFO: errors [in /Users/jordanlange/Documents/projects/profitanalysis/app.py:173]
2020-04-16 15:48:06,522 INFO: Running on http://0.0.0.0:5000/explore/ [in /Users/jordanlange/anaconda3/lib/python3.6/site-packages/dash/dash.py:1496]
2020-04-16 15:48:06,522 INFO: Debugger PIN: 471-670-945 [in /Users/jordanlange/anaconda3/lib/python3.6/site-packages/dash/dash.py:1507]
2020-04-16 15:48:33,655 INFO: errors [in /Users/jordanlange/Documents/projects/profitanalysis/app.py:173]
2020-04-16 15:48:33,660 INFO: Running on http://0.0.0.0:5000/dash/ [in /Users/jordanlange/anaconda3/lib/python3.6/site-packages/dash/dash.py:1496]
2020-04-16 15:48:33,661 INFO: Debugger PIN: 425-185-350 [in /Users/jordanlange/anaconda3/lib/python3.6/site-packages/dash/dash.py:1507]
2020-04-16 15:48:54,731 INFO: errors [in /Users/jordanlange/Documents/projects/profitanalysis/app.py:173]
2020-04-16 15:48:54,733 INFO: Running on http://0.0.0.0:5000/dash1/ [in /Users/jordanlange/anaconda3/lib/python3.6/site-packages/dash/dash.py:1496]
2020-04-16 15:48:54,733 INFO: Debugger PIN: 886-244-630 [in /Users/jordanlange/anaconda3/lib/python3.6/site-packages/dash/dash.py:1507]
2020-04-16 15:49:17,273 INFO: errors [in /Users/jordanlange/Documents/projects/profitanalysis/app.py:173]
2020-04-16 15:49:17,276 INFO: Running on http://0.0.0.0:5000/dash1/ [in /Users/jordanlange/anaconda3/lib/python3.6/site-packages/dash/dash.py:1496]
2020-04-16 15:49:17,276 INFO: Debugger PIN: 687-536-252 [in /Users/jordanlange/anaconda3/lib/python3.6/site-packages/dash/dash.py:1507]
2020-04-16 15:49:40,573 INFO: errors [in /Users/jordanlange/Documents/projects/profitanalysis/app.py:173]
2020-04-16 15:49:40,575 INFO: Running on http://0.0.0.0:5000/explore/ [in /Users/jordanlange/anaconda3/lib/python3.6/site-packages/dash/dash.py:1496]
2020-04-16 15:49:40,576 INFO: Debugger PIN: 901-178-815 [in /Users/jordanlange/anaconda3/lib/python3.6/site-packages/dash/dash.py:1507]
2020-04-16 15:49:52,334 INFO: errors [in /Users/jordanlange/Documents/projects/profitanalysis/app.py:173]
2020-04-16 15:49:52,338 INFO: Running on http://0.0.0.0:5000/explore/ [in /Users/jordanlange/anaconda3/lib/python3.6/site-packages/dash/dash.py:1496]
2020-04-16 15:49:52,338 INFO: Debugger PIN: 280-716-313 [in /Users/jordanlange/anaconda3/lib/python3.6/site-packages/dash/dash.py:1507]
2020-04-16 15:51:03,658 INFO: errors [in app.py:173]
2020-04-16 15:51:03,660 INFO: Running on http://0.0.0.0:5000/explore/ [in /Users/jordanlange/anaconda3/lib/python3.6/site-packages/dash/dash.py:1496]
2020-04-16 15:51:03,661 INFO: Debugger PIN: 800-601-215 [in /Users/jordanlange/anaconda3/lib/python3.6/site-packages/dash/dash.py:1507]
2020-04-16 15:51:06,035 INFO: errors [in /Users/jordanlange/Documents/projects/profitanalysis/app.py:173]
2020-04-16 15:51:06,036 INFO: Running on http://0.0.0.0:5000/explore/ [in /Users/jordanlange/anaconda3/lib/python3.6/site-packages/dash/dash.py:1496]
2020-04-16 15:51:06,037 INFO: Debugger PIN: 666-639-700 [in /Users/jordanlange/anaconda3/lib/python3.6/site-packages/dash/dash.py:1507]
2020-04-16 16:38:48,924 INFO: errors [in app.py:173]
2020-04-16 16:38:48,928 INFO: Running on http://0.0.0.0:5000/explore/ [in /Users/jordanlange/anaconda3/lib/python3.6/site-packages/dash/dash.py:1496]
2020-04-16 16:38:48,928 INFO: Debugger PIN: 985-772-082 [in /Users/jordanlange/anaconda3/lib/python3.6/site-packages/dash/dash.py:1507]
2020-04-16 16:38:58,454 INFO: errors [in /Users/jordanlange/Documents/projects/profitanalysis/app.py:173]
2020-04-16 16:38:58,458 INFO: Running on http://0.0.0.0:5000/explore/ [in /Users/jordanlange/anaconda3/lib/python3.6/site-packages/dash/dash.py:1496]
2020-04-16 16:38:58,459 INFO: Debugger PIN: 035-173-180 [in /Users/jordanlange/anaconda3/lib/python3.6/site-packages/dash/dash.py:1507]
2020-04-17 11:03:15,830 INFO: errors [in /Users/jordanlange/Documents/projects/profitanalysis/app.py:164]
2020-04-17 11:03:15,832 INFO: Running on http://0.0.0.0:5000/explore/ [in /Users/jordanlange/anaconda3/lib/python3.6/site-packages/dash/dash.py:1496]
2020-04-17 11:03:15,832 INFO: Debugger PIN: 984-579-620 [in /Users/jordanlange/anaconda3/lib/python3.6/site-packages/dash/dash.py:1507]
2020-04-17 11:03:37,081 INFO: errors [in app.py:164]
2020-04-17 11:03:37,082 INFO: Running on http://0.0.0.0:5000/explore/ [in /Users/jordanlange/Documents/projects/profitanalysis/lib/python3.6/site-packages/dash/dash.py:1496]
2020-04-17 11:03:37,083 INFO: Debugger PIN: 185-948-479 [in /Users/jordanlange/Documents/projects/profitanalysis/lib/python3.6/site-packages/dash/dash.py:1507]
2020-04-17 11:04:56,313 INFO: errors [in /Users/jordanlange/Documents/projects/profitanalysis/app.py:165]
2020-04-17 11:04:56,319 INFO: Running on http://0.0.0.0:5000/explore/ [in /Users/jordanlange/anaconda3/lib/python3.6/site-packages/dash/dash.py:1496]
2020-04-17 11:04:56,322 INFO: Debugger PIN: 877-903-433 [in /Users/jordanlange/anaconda3/lib/python3.6/site-packages/dash/dash.py:1507]
2020-04-17 11:05:18,069 INFO: errors [in app.py:165]
2020-04-17 11:05:18,071 INFO: Running on http://0.0.0.0:5000/explore/ [in /Users/jordanlange/Documents/projects/profitanalysis/lib/python3.6/site-packages/dash/dash.py:1496]
2020-04-17 11:05:18,072 INFO: Debugger PIN: 573-357-587 [in /Users/jordanlange/Documents/projects/profitanalysis/lib/python3.6/site-packages/dash/dash.py:1507]
2020-04-17 11:09:19,474 INFO: errors [in app.py:165]
2020-04-17 11:09:19,475 INFO: Running on http://0.0.0.0:5000/explore/ [in /Users/jordanlange/anaconda3/lib/python3.6/site-packages/dash/dash.py:1496]
2020-04-17 11:09:19,476 INFO: Debugger PIN: 284-120-631 [in /Users/jordanlange/anaconda3/lib/python3.6/site-packages/dash/dash.py:1507]
2020-04-17 11:09:21,470 INFO: errors [in /Users/jordanlange/Documents/projects/profitanalysis/app.py:165]
2020-04-17 11:09:21,474 INFO: Running on http://0.0.0.0:5000/explore/ [in /Users/jordanlange/anaconda3/lib/python3.6/site-packages/dash/dash.py:1496]
2020-04-17 11:09:21,474 INFO: Debugger PIN: 358-363-050 [in /Users/jordanlange/anaconda3/lib/python3.6/site-packages/dash/dash.py:1507]
2020-04-17 11:10:53,467 INFO: errors [in /Users/jordanlange/Documents/projects/profitanalysis/app.py:166]
2020-04-17 11:10:53,470 INFO: Running on http://0.0.0.0:5000/explore/ [in /Users/jordanlange/anaconda3/lib/python3.6/site-packages/dash/dash.py:1496]
2020-04-17 11:10:53,471 INFO: Debugger PIN: 388-303-193 [in /Users/jordanlange/anaconda3/lib/python3.6/site-packages/dash/dash.py:1507]
2020-04-17 11:12:18,669 INFO: errors [in app.py:167]
2020-04-17 11:12:18,671 INFO: Running on http://0.0.0.0:5000/explore/ [in /Users/jordanlange/anaconda3/lib/python3.6/site-packages/dash/dash.py:1496]
2020-04-17 11:12:18,671 INFO: Debugger PIN: 997-067-331 [in /Users/jordanlange/anaconda3/lib/python3.6/site-packages/dash/dash.py:1507]
2020-04-17 11:12:21,087 INFO: errors [in /Users/jordanlange/Documents/projects/profitanalysis/app.py:167]
2020-04-17 11:12:21,089 INFO: Running on http://0.0.0.0:5000/explore/ [in /Users/jordanlange/anaconda3/lib/python3.6/site-packages/dash/dash.py:1496]
2020-04-17 11:12:21,089 INFO: Debugger PIN: 132-721-368 [in /Users/jordanlange/anaconda3/lib/python3.6/site-packages/dash/dash.py:1507]
2020-04-17 11:12:44,948 INFO: errors [in /Users/jordanlange/Documents/projects/profitanalysis/app.py:168]
2020-04-17 11:12:44,952 INFO: Running on http://0.0.0.0:5000/explore/ [in /Users/jordanlange/anaconda3/lib/python3.6/site-packages/dash/dash.py:1496]
2020-04-17 11:12:44,953 INFO: Debugger PIN: 525-435-427 [in /Users/jordanlange/anaconda3/lib/python3.6/site-packages/dash/dash.py:1507]
2020-04-17 11:14:18,691 INFO: errors [in /Users/jordanlange/Documents/projects/profitanalysis/app.py:168]
2020-04-17 11:14:18,694 INFO: Running on http://0.0.0.0:5000/explore/ [in /Users/jordanlange/anaconda3/lib/python3.6/site-packages/dash/dash.py:1496]
2020-04-17 11:14:18,695 INFO: Debugger PIN: 737-877-259 [in /Users/jordanlange/anaconda3/lib/python3.6/site-packages/dash/dash.py:1507]
2020-04-17 11:14:38,919 INFO: errors [in /Users/jordanlange/Documents/projects/profitanalysis/app.py:168]
2020-04-17 11:14:38,922 INFO: Running on http://0.0.0.0:5000/explore/ [in /Users/jordanlange/anaconda3/lib/python3.6/site-packages/dash/dash.py:1496]
2020-04-17 11:14:38,924 INFO: Debugger PIN: 997-799-913 [in /Users/jordanlange/anaconda3/lib/python3.6/site-packages/dash/dash.py:1507]
2020-04-17 11:17:36,052 INFO: errors [in app.py:175]
2020-04-17 11:17:36,054 INFO: Running on http://0.0.0.0:5000/explore/ [in /Users/jordanlange/anaconda3/lib/python3.6/site-packages/dash/dash.py:1496]
2020-04-17 11:17:36,054 INFO: Debugger PIN: 093-703-381 [in /Users/jordanlange/anaconda3/lib/python3.6/site-packages/dash/dash.py:1507]
2020-04-17 11:17:38,149 INFO: errors [in /Users/jordanlange/Documents/projects/profitanalysis/app.py:175]
2020-04-17 11:17:38,151 INFO: Running on http://0.0.0.0:5000/explore/ [in /Users/jordanlange/anaconda3/lib/python3.6/site-packages/dash/dash.py:1496]
2020-04-17 11:17:38,151 INFO: Debugger PIN: 377-134-761 [in /Users/jordanlange/anaconda3/lib/python3.6/site-packages/dash/dash.py:1507]
2020-04-17 11:18:10,528 INFO: errors [in /Users/jordanlange/Documents/projects/profitanalysis/app.py:175]
2020-04-17 11:18:10,532 INFO: Running on http://0.0.0.0:5000/explore/ [in /Users/jordanlange/anaconda3/lib/python3.6/site-packages/dash/dash.py:1496]
2020-04-17 11:18:10,536 INFO: Debugger PIN: 464-115-701 [in /Users/jordanlange/anaconda3/lib/python3.6/site-packages/dash/dash.py:1507]
2020-04-17 11:22:37,294 INFO: errors [in /Users/jordanlange/Documents/projects/profitanalysis/app.py:177]
2020-04-17 11:22:37,309 INFO: Running on http://0.0.0.0:5000/explore/ [in /Users/jordanlange/anaconda3/lib/python3.6/site-packages/dash/dash.py:1496]
2020-04-17 11:22:37,310 INFO: Debugger PIN: 198-649-011 [in /Users/jordanlange/anaconda3/lib/python3.6/site-packages/dash/dash.py:1507]
2020-04-17 11:31:34,271 INFO: errors [in app.py:177]
2020-04-17 11:31:34,274 INFO: Running on http://0.0.0.0:5000/explore/ [in /Users/jordanlange/Documents/projects/profitanalysis/lib/python3.6/site-packages/dash/dash.py:1496]
2020-04-17 11:31:34,274 INFO: Debugger PIN: 994-743-121 [in /Users/jordanlange/Documents/projects/profitanalysis/lib/python3.6/site-packages/dash/dash.py:1507]
2020-04-17 11:31:35,662 INFO: errors [in /Users/jordanlange/Documents/projects/profitanalysis/app.py:177]
2020-04-17 11:31:35,665 INFO: Running on http://0.0.0.0:5000/explore/ [in /Users/jordanlange/Documents/projects/profitanalysis/lib/python3.6/site-packages/dash/dash.py:1496]
2020-04-17 11:31:35,665 INFO: Debugger PIN: 578-987-804 [in /Users/jordanlange/Documents/projects/profitanalysis/lib/python3.6/site-packages/dash/dash.py:1507]
2020-04-17 11:34:28,706 INFO: errors [in /Users/jordanlange/Documents/projects/profitanalysis/app.py:177]
2020-04-17 11:34:28,712 INFO: Running on http://0.0.0.0:5000/explore/ [in /Users/jordanlange/Documents/projects/profitanalysis/lib/python3.6/site-packages/dash/dash.py:1496]
2020-04-17 11:34:28,718 INFO: Debugger PIN: 033-385-999 [in /Users/jordanlange/Documents/projects/profitanalysis/lib/python3.6/site-packages/dash/dash.py:1507]
2020-04-17 11:34:55,182 INFO: errors [in /Users/jordanlange/Documents/projects/profitanalysis/app.py:177]
2020-04-17 11:34:55,185 INFO: Running on http://0.0.0.0:5000/explore/ [in /Users/jordanlange/Documents/projects/profitanalysis/lib/python3.6/site-packages/dash/dash.py:1496]
2020-04-17 11:34:55,191 INFO: Debugger PIN: 600-287-494 [in /Users/jordanlange/Documents/projects/profitanalysis/lib/python3.6/site-packages/dash/dash.py:1507]
2020-04-17 11:35:34,494 INFO: errors [in /Users/jordanlange/Documents/projects/profitanalysis/app.py:177]
2020-04-17 11:35:34,496 INFO: Running on http://0.0.0.0:5000/explore/ [in /Users/jordanlange/Documents/projects/profitanalysis/lib/python3.6/site-packages/dash/dash.py:1496]
2020-04-17 11:35:34,497 INFO: Debugger PIN: 128-818-882 [in /Users/jordanlange/Documents/projects/profitanalysis/lib/python3.6/site-packages/dash/dash.py:1507]
2020-04-17 11:35:46,831 INFO: errors [in /Users/jordanlange/Documents/projects/profitanalysis/app.py:177]
2020-04-17 11:35:46,834 INFO: Running on http://0.0.0.0:5000/explore/ [in /Users/jordanlange/Documents/projects/profitanalysis/lib/python3.6/site-packages/dash/dash.py:1496]
2020-04-17 11:35:46,834 INFO: Debugger PIN: 469-964-269 [in /Users/jordanlange/Documents/projects/profitanalysis/lib/python3.6/site-packages/dash/dash.py:1507]
2020-04-17 11:36:25,478 INFO: errors [in /Users/jordanlange/Documents/projects/profitanalysis/app.py:177]
2020-04-17 11:36:25,481 INFO: Running on http://0.0.0.0:5000/explore/ [in /Users/jordanlange/Documents/projects/profitanalysis/lib/python3.6/site-packages/dash/dash.py:1496]
2020-04-17 11:36:25,482 INFO: Debugger PIN: 504-774-278 [in /Users/jordanlange/Documents/projects/profitanalysis/lib/python3.6/site-packages/dash/dash.py:1507]
2020-04-17 11:37:32,421 INFO: errors [in /Users/jordanlange/Documents/projects/profitanalysis/app.py:177]
2020-04-17 11:37:32,424 INFO: Running on http://0.0.0.0:5000/explore/ [in /Users/jordanlange/Documents/projects/profitanalysis/lib/python3.6/site-packages/dash/dash.py:1496]
2020-04-17 11:37:32,426 INFO: Debugger PIN: 817-333-452 [in /Users/jordanlange/Documents/projects/profitanalysis/lib/python3.6/site-packages/dash/dash.py:1507]
2020-04-17 11:39:26,750 INFO: errors [in /Users/jordanlange/Documents/projects/profitanalysis/app.py:184]
2020-04-17 11:39:26,753 INFO: Running on http://0.0.0.0:5000/explore/ [in /Users/jordanlange/Documents/projects/profitanalysis/lib/python3.6/site-packages/dash/dash.py:1496]
2020-04-17 11:39:26,753 INFO: Debugger PIN: 413-992-839 [in /Users/jordanlange/Documents/projects/profitanalysis/lib/python3.6/site-packages/dash/dash.py:1507]
2020-04-17 11:40:01,236 INFO: errors [in /Users/jordanlange/Documents/projects/profitanalysis/app.py:186]
2020-04-17 11:40:01,240 INFO: Running on http://0.0.0.0:5000/explore/ [in /Users/jordanlange/Documents/projects/profitanalysis/lib/python3.6/site-packages/dash/dash.py:1496]
2020-04-17 11:40:01,241 INFO: Debugger PIN: 818-166-846 [in /Users/jordanlange/Documents/projects/profitanalysis/lib/python3.6/site-packages/dash/dash.py:1507]
2020-04-17 11:40:55,872 INFO: errors [in /Users/jordanlange/Documents/projects/profitanalysis/app.py:186]
2020-04-17 11:40:55,879 INFO: Running on http://0.0.0.0:5000/explore/ [in /Users/jordanlange/Documents/projects/profitanalysis/lib/python3.6/site-packages/dash/dash.py:1496]
2020-04-17 11:40:55,880 INFO: Debugger PIN: 287-875-920 [in /Users/jordanlange/Documents/projects/profitanalysis/lib/python3.6/site-packages/dash/dash.py:1507]
2020-04-17 11:42:20,892 INFO: errors [in /Users/jordanlange/Documents/projects/profitanalysis/app.py:186]
2020-04-17 11:42:20,897 INFO: Running on http://0.0.0.0:5000/explore/ [in /Users/jordanlange/Documents/projects/profitanalysis/lib/python3.6/site-packages/dash/dash.py:1496]
2020-04-17 11:42:20,897 INFO: Debugger PIN: 894-211-001 [in /Users/jordanlange/Documents/projects/profitanalysis/lib/python3.6/site-packages/dash/dash.py:1507]
2020-04-17 11:42:38,774 INFO: errors [in /Users/jordanlange/Documents/projects/profitanalysis/app.py:186]
2020-04-17 11:42:38,777 INFO: Running on http://0.0.0.0:5000/explore/ [in /Users/jordanlange/Documents/projects/profitanalysis/lib/python3.6/site-packages/dash/dash.py:1496]
2020-04-17 11:42:38,778 INFO: Debugger PIN: 796-535-070 [in /Users/jordanlange/Documents/projects/profitanalysis/lib/python3.6/site-packages/dash/dash.py:1507]
2020-04-17 11:43:10,372 INFO: errors [in /Users/jordanlange/Documents/projects/profitanalysis/app.py:186]
2020-04-17 11:43:10,377 INFO: Running on http://0.0.0.0:5000/explore/ [in /Users/jordanlange/Documents/projects/profitanalysis/lib/python3.6/site-packages/dash/dash.py:1496]
2020-04-17 11:43:10,378 INFO: Debugger PIN: 500-397-569 [in /Users/jordanlange/Documents/projects/profitanalysis/lib/python3.6/site-packages/dash/dash.py:1507]
2020-04-17 11:43:38,885 INFO: errors [in /Users/jordanlange/Documents/projects/profitanalysis/app.py:189]
2020-04-17 11:43:38,891 INFO: Running on http://0.0.0.0:5000/explore/ [in /Users/jordanlange/Documents/projects/profitanalysis/lib/python3.6/site-packages/dash/dash.py:1496]
2020-04-17 11:43:38,891 INFO: Debugger PIN: 330-827-123 [in /Users/jordanlange/Documents/projects/profitanalysis/lib/python3.6/site-packages/dash/dash.py:1507]
2020-04-17 11:44:49,445 INFO: errors [in /Users/jordanlange/Documents/projects/profitanalysis/app.py:190]
2020-04-17 11:44:49,449 INFO: Running on http://0.0.0.0:5000/explore/ [in /Users/jordanlange/Documents/projects/profitanalysis/lib/python3.6/site-packages/dash/dash.py:1496]
2020-04-17 11:44:49,449 INFO: Debugger PIN: 866-530-944 [in /Users/jordanlange/Documents/projects/profitanalysis/lib/python3.6/site-packages/dash/dash.py:1507]
2020-04-17 11:45:04,205 INFO: errors [in /Users/jordanlange/Documents/projects/profitanalysis/app.py:190]
2020-04-17 11:45:04,209 INFO: Running on http://0.0.0.0:5000/explore/ [in /Users/jordanlange/Documents/projects/profitanalysis/lib/python3.6/site-packages/dash/dash.py:1496]
2020-04-17 11:45:04,210 INFO: Debugger PIN: 838-593-332 [in /Users/jordanlange/Documents/projects/profitanalysis/lib/python3.6/site-packages/dash/dash.py:1507]
2020-04-17 11:46:04,898 INFO: errors [in /Users/jordanlange/Documents/projects/profitanalysis/app.py:190]
2020-04-17 11:46:04,901 INFO: Running on http://0.0.0.0:5000/explore/ [in /Users/jordanlange/Documents/projects/profitanalysis/lib/python3.6/site-packages/dash/dash.py:1496]
2020-04-17 11:46:04,902 INFO: Debugger PIN: 492-846-868 [in /Users/jordanlange/Documents/projects/profitanalysis/lib/python3.6/site-packages/dash/dash.py:1507]
2020-04-17 12:32:13,680 INFO: errors [in app.py:211]
2020-04-17 12:32:13,685 INFO: Running on http://0.0.0.0:5000/explore/ [in /Users/jordanlange/Documents/projects/profitanalysis/lib/python3.6/site-packages/dash/dash.py:1496]
2020-04-17 12:32:13,685 INFO: Debugger PIN: 144-376-959 [in /Users/jordanlange/Documents/projects/profitanalysis/lib/python3.6/site-packages/dash/dash.py:1507]
2020-04-17 12:32:15,045 INFO: errors [in /Users/jordanlange/Documents/projects/profitanalysis/app.py:211]
2020-04-17 12:32:15,048 INFO: Running on http://0.0.0.0:5000/explore/ [in /Users/jordanlange/Documents/projects/profitanalysis/lib/python3.6/site-packages/dash/dash.py:1496]
2020-04-17 12:32:15,048 INFO: Debugger PIN: 657-854-502 [in /Users/jordanlange/Documents/projects/profitanalysis/lib/python3.6/site-packages/dash/dash.py:1507]
2020-04-17 12:33:52,961 INFO: errors [in /Users/jordanlange/Documents/projects/profitanalysis/app.py:212]
2020-04-17 12:33:52,966 INFO: Running on http://0.0.0.0:5000/explore/ [in /Users/jordanlange/Documents/projects/profitanalysis/lib/python3.6/site-packages/dash/dash.py:1496]
2020-04-17 12:33:52,968 INFO: Debugger PIN: 118-972-360 [in /Users/jordanlange/Documents/projects/profitanalysis/lib/python3.6/site-packages/dash/dash.py:1507]
2020-04-17 12:34:26,779 INFO: errors [in /Users/jordanlange/Documents/projects/profitanalysis/app.py:212]
2020-04-17 12:34:26,785 INFO: Running on http://0.0.0.0:5000/explore/ [in /Users/jordanlange/Documents/projects/profitanalysis/lib/python3.6/site-packages/dash/dash.py:1496]
2020-04-17 12:34:26,785 INFO: Debugger PIN: 003-375-606 [in /Users/jordanlange/Documents/projects/profitanalysis/lib/python3.6/site-packages/dash/dash.py:1507]
2020-04-17 12:36:17,702 INFO: errors [in app.py:212]
2020-04-17 12:36:17,705 INFO: Running on http://0.0.0.0:5000/explore/ [in /Users/jordanlange/Documents/projects/profitanalysis/lib/python3.6/site-packages/dash/dash.py:1496]
2020-04-17 12:36:17,705 INFO: Debugger PIN: 075-843-245 [in /Users/jordanlange/Documents/projects/profitanalysis/lib/python3.6/site-packages/dash/dash.py:1507]
2020-04-17 12:36:19,037 INFO: errors [in /Users/jordanlange/Documents/projects/profitanalysis/app.py:212]
2020-04-17 12:36:19,041 INFO: Running on http://0.0.0.0:5000/explore/ [in /Users/jordanlange/Documents/projects/profitanalysis/lib/python3.6/site-packages/dash/dash.py:1496]
2020-04-17 12:36:19,042 INFO: Debugger PIN: 083-772-439 [in /Users/jordanlange/Documents/projects/profitanalysis/lib/python3.6/site-packages/dash/dash.py:1507]
2020-04-17 12:37:23,293 INFO: errors [in /Users/jordanlange/Documents/projects/profitanalysis/app.py:212]
2020-04-17 12:37:23,300 INFO: Running on http://0.0.0.0:5000/explore/ [in /Users/jordanlange/Documents/projects/profitanalysis/lib/python3.6/site-packages/dash/dash.py:1496]
2020-04-17 12:37:23,302 INFO: Debugger PIN: 430-066-156 [in /Users/jordanlange/Documents/projects/profitanalysis/lib/python3.6/site-packages/dash/dash.py:1507]
2020-04-17 12:38:41,937 INFO: errors [in /Users/jordanlange/Documents/projects/profitanalysis/app.py:212]
2020-04-17 12:38:41,940 INFO: Running on http://0.0.0.0:5000/explore/ [in /Users/jordanlange/Documents/projects/profitanalysis/lib/python3.6/site-packages/dash/dash.py:1496]
2020-04-17 12:38:41,941 INFO: Debugger PIN: 833-803-015 [in /Users/jordanlange/Documents/projects/profitanalysis/lib/python3.6/site-packages/dash/dash.py:1507]
2020-04-17 12:39:51,335 INFO: errors [in /Users/jordanlange/Documents/projects/profitanalysis/app.py:213]
2020-04-17 12:39:51,337 INFO: Running on http://0.0.0.0:5000/explore/ [in /Users/jordanlange/Documents/projects/profitanalysis/lib/python3.6/site-packages/dash/dash.py:1496]
2020-04-17 12:39:51,338 INFO: Debugger PIN: 659-680-560 [in /Users/jordanlange/Documents/projects/profitanalysis/lib/python3.6/site-packages/dash/dash.py:1507]
2020-04-17 12:40:14,205 INFO: errors [in /Users/jordanlange/Documents/projects/profitanalysis/app.py:213]
2020-04-17 12:40:14,208 INFO: Running on http://0.0.0.0:5000/explore/ [in /Users/jordanlange/Documents/projects/profitanalysis/lib/python3.6/site-packages/dash/dash.py:1496]
2020-04-17 12:40:14,208 INFO: Debugger PIN: 763-948-564 [in /Users/jordanlange/Documents/projects/profitanalysis/lib/python3.6/site-packages/dash/dash.py:1507]
2020-04-17 14:07:01,153 INFO: errors [in /Users/jordanlange/Documents/projects/profitanalysis/app.py:213]
2020-04-17 14:07:01,156 INFO: Running on http://0.0.0.0:5000/explore/ [in /Users/jordanlange/Documents/projects/profitanalysis/lib/python3.6/site-packages/dash/dash.py:1496]
2020-04-17 14:07:01,157 INFO: Debugger PIN: 645-055-773 [in /Users/jordanlange/Documents/projects/profitanalysis/lib/python3.6/site-packages/dash/dash.py:1507]
2020-04-17 14:08:15,790 INFO: errors [in /Users/jordanlange/Documents/projects/profitanalysis/app.py:215]
2020-04-17 14:08:15,796 INFO: Running on http://0.0.0.0:5000/explore/ [in /Users/jordanlange/Documents/projects/profitanalysis/lib/python3.6/site-packages/dash/dash.py:1496]
2020-04-17 14:08:15,797 INFO: Debugger PIN: 488-835-995 [in /Users/jordanlange/Documents/projects/profitanalysis/lib/python3.6/site-packages/dash/dash.py:1507]
2020-04-17 14:08:48,378 INFO: errors [in /Users/jordanlange/Documents/projects/profitanalysis/app.py:215]
2020-04-17 14:08:48,383 INFO: Running on http://0.0.0.0:5000/explore/ [in /Users/jordanlange/Documents/projects/profitanalysis/lib/python3.6/site-packages/dash/dash.py:1496]
2020-04-17 14:08:48,383 INFO: Debugger PIN: 117-191-646 [in /Users/jordanlange/Documents/projects/profitanalysis/lib/python3.6/site-packages/dash/dash.py:1507]
2020-04-17 14:10:29,708 INFO: errors [in app.py:216]
2020-04-17 14:10:29,711 INFO: Running on http://0.0.0.0:5000/explore/ [in /Users/jordanlange/Documents/projects/profitanalysis/lib/python3.6/site-packages/dash/dash.py:1496]
2020-04-17 14:10:29,711 INFO: Debugger PIN: 147-362-533 [in /Users/jordanlange/Documents/projects/profitanalysis/lib/python3.6/site-packages/dash/dash.py:1507]
2020-04-17 14:10:30,923 INFO: errors [in /Users/jordanlange/Documents/projects/profitanalysis/app.py:216]
2020-04-17 14:10:30,926 INFO: Running on http://0.0.0.0:5000/explore/ [in /Users/jordanlange/Documents/projects/profitanalysis/lib/python3.6/site-packages/dash/dash.py:1496]
2020-04-17 14:10:30,926 INFO: Debugger PIN: 665-535-413 [in /Users/jordanlange/Documents/projects/profitanalysis/lib/python3.6/site-packages/dash/dash.py:1507]
2020-04-17 14:11:16,714 INFO: errors [in /Users/jordanlange/Documents/projects/profitanalysis/app.py:216]
2020-04-17 14:11:16,717 INFO: Running on http://0.0.0.0:5000/explore/ [in /Users/jordanlange/Documents/projects/profitanalysis/lib/python3.6/site-packages/dash/dash.py:1496]
2020-04-17 14:11:16,718 INFO: Debugger PIN: 761-940-947 [in /Users/jordanlange/Documents/projects/profitanalysis/lib/python3.6/site-packages/dash/dash.py:1507]
2020-04-17 14:14:02,146 INFO: errors [in app.py:216]
2020-04-17 14:14:02,150 INFO: Running on http://0.0.0.0:5000/explore/ [in /Users/jordanlange/Documents/projects/profitanalysis/lib/python3.6/site-packages/dash/dash.py:1496]
2020-04-17 14:14:02,150 INFO: Debugger PIN: 986-831-989 [in /Users/jordanlange/Documents/projects/profitanalysis/lib/python3.6/site-packages/dash/dash.py:1507]
2020-04-17 14:14:03,541 INFO: errors [in /Users/jordanlange/Documents/projects/profitanalysis/app.py:216]
2020-04-17 14:14:03,544 INFO: Running on http://0.0.0.0:5000/explore/ [in /Users/jordanlange/Documents/projects/profitanalysis/lib/python3.6/site-packages/dash/dash.py:1496]
2020-04-17 14:14:03,544 INFO: Debugger PIN: 428-148-077 [in /Users/jordanlange/Documents/projects/profitanalysis/lib/python3.6/site-packages/dash/dash.py:1507]
2020-04-17 14:15:11,733 INFO: errors [in app.py:217]
2020-04-17 14:15:11,737 INFO: Running on http://0.0.0.0:5000/explore/ [in /Users/jordanlange/Documents/projects/profitanalysis/lib/python3.6/site-packages/dash/dash.py:1496]
2020-04-17 14:15:11,737 INFO: Debugger PIN: 068-111-227 [in /Users/jordanlange/Documents/projects/profitanalysis/lib/python3.6/site-packages/dash/dash.py:1507]
2020-04-17 14:15:13,067 INFO: errors [in /Users/jordanlange/Documents/projects/profitanalysis/app.py:217]
2020-04-17 14:15:13,072 INFO: Running on http://0.0.0.0:5000/explore/ [in /Users/jordanlange/Documents/projects/profitanalysis/lib/python3.6/site-packages/dash/dash.py:1496]
2020-04-17 14:15:13,073 INFO: Debugger PIN: 006-012-598 [in /Users/jordanlange/Documents/projects/profitanalysis/lib/python3.6/site-packages/dash/dash.py:1507]
2020-04-17 14:15:54,698 INFO: errors [in app.py:216]
2020-04-17 14:15:54,703 INFO: Running on http://0.0.0.0:5000/explore/ [in /Users/jordanlange/Documents/projects/profitanalysis/lib/python3.6/site-packages/dash/dash.py:1496]
2020-04-17 14:15:54,704 INFO: Debugger PIN: 771-334-660 [in /Users/jordanlange/Documents/projects/profitanalysis/lib/python3.6/site-packages/dash/dash.py:1507]
2020-04-17 14:15:55,955 INFO: errors [in /Users/jordanlange/Documents/projects/profitanalysis/app.py:216]
2020-04-17 14:15:55,958 INFO: Running on http://0.0.0.0:5000/explore/ [in /Users/jordanlange/Documents/projects/profitanalysis/lib/python3.6/site-packages/dash/dash.py:1496]
2020-04-17 14:15:55,958 INFO: Debugger PIN: 018-245-264 [in /Users/jordanlange/Documents/projects/profitanalysis/lib/python3.6/site-packages/dash/dash.py:1507]
2020-04-17 14:16:12,907 INFO: errors [in /Users/jordanlange/Documents/projects/profitanalysis/app.py:216]
2020-04-17 14:16:12,910 INFO: Running on http://0.0.0.0:5000/explore/ [in /Users/jordanlange/Documents/projects/profitanalysis/lib/python3.6/site-packages/dash/dash.py:1496]
2020-04-17 14:16:12,910 INFO: Debugger PIN: 971-718-365 [in /Users/jordanlange/Documents/projects/profitanalysis/lib/python3.6/site-packages/dash/dash.py:1507]
2020-04-17 14:16:24,578 INFO: errors [in /Users/jordanlange/Documents/projects/profitanalysis/app.py:216]
2020-04-17 14:16:24,590 INFO: Running on http://0.0.0.0:5000/explore/ [in /Users/jordanlange/Documents/projects/profitanalysis/lib/python3.6/site-packages/dash/dash.py:1496]
2020-04-17 14:16:24,591 INFO: Debugger PIN: 806-653-591 [in /Users/jordanlange/Documents/projects/profitanalysis/lib/python3.6/site-packages/dash/dash.py:1507]
2020-04-17 14:18:27,810 INFO: errors [in /Users/jordanlange/Documents/projects/profitanalysis/app.py:218]
2020-04-17 14:18:27,812 INFO: Running on http://0.0.0.0:5000/explore/ [in /Users/jordanlange/Documents/projects/profitanalysis/lib/python3.6/site-packages/dash/dash.py:1496]
2020-04-17 14:18:27,813 INFO: Debugger PIN: 693-173-022 [in /Users/jordanlange/Documents/projects/profitanalysis/lib/python3.6/site-packages/dash/dash.py:1507]
2020-04-17 14:19:15,831 INFO: errors [in /Users/jordanlange/Documents/projects/profitanalysis/app.py:218]
2020-04-17 14:19:15,835 INFO: Running on http://0.0.0.0:5000/explore/ [in /Users/jordanlange/Documents/projects/profitanalysis/lib/python3.6/site-packages/dash/dash.py:1496]
2020-04-17 14:19:15,835 INFO: Debugger PIN: 381-588-046 [in /Users/jordanlange/Documents/projects/profitanalysis/lib/python3.6/site-packages/dash/dash.py:1507]
2020-04-17 14:19:33,782 INFO: errors [in /Users/jordanlange/Documents/projects/profitanalysis/app.py:218]
2020-04-17 14:19:33,788 INFO: Running on http://0.0.0.0:5000/explore/ [in /Users/jordanlange/Documents/projects/profitanalysis/lib/python3.6/site-packages/dash/dash.py:1496]
2020-04-17 14:19:33,789 INFO: Debugger PIN: 215-484-458 [in /Users/jordanlange/Documents/projects/profitanalysis/lib/python3.6/site-packages/dash/dash.py:1507]
2020-04-17 14:21:38,314 INFO: errors [in /Users/jordanlange/Documents/projects/profitanalysis/app.py:218]
2020-04-17 14:21:38,328 INFO: Running on http://0.0.0.0:5000/explore/ [in /Users/jordanlange/Documents/projects/profitanalysis/lib/python3.6/site-packages/dash/dash.py:1496]
2020-04-17 14:21:38,330 INFO: Debugger PIN: 671-811-346 [in /Users/jordanlange/Documents/projects/profitanalysis/lib/python3.6/site-packages/dash/dash.py:1507]
2020-04-17 14:28:18,658 INFO: errors [in app.py:222]
2020-04-17 14:28:18,661 INFO: Running on http://0.0.0.0:5000/explore/ [in /Users/jordanlange/Documents/projects/profitanalysis/lib/python3.6/site-packages/dash/dash.py:1496]
2020-04-17 14:28:18,662 INFO: Debugger PIN: 424-587-120 [in /Users/jordanlange/Documents/projects/profitanalysis/lib/python3.6/site-packages/dash/dash.py:1507]
2020-04-17 14:28:19,997 INFO: errors [in /Users/jordanlange/Documents/projects/profitanalysis/app.py:222]
2020-04-17 14:28:20,000 INFO: Running on http://0.0.0.0:5000/explore/ [in /Users/jordanlange/Documents/projects/profitanalysis/lib/python3.6/site-packages/dash/dash.py:1496]
2020-04-17 14:28:20,000 INFO: Debugger PIN: 529-312-899 [in /Users/jordanlange/Documents/projects/profitanalysis/lib/python3.6/site-packages/dash/dash.py:1507]
2020-04-17 14:28:51,199 INFO: errors [in /Users/jordanlange/Documents/projects/profitanalysis/app.py:222]
2020-04-17 14:28:51,203 INFO: Running on http://0.0.0.0:5000/explore/ [in /Users/jordanlange/Documents/projects/profitanalysis/lib/python3.6/site-packages/dash/dash.py:1496]
2020-04-17 14:28:51,203 INFO: Debugger PIN: 555-959-022 [in /Users/jordanlange/Documents/projects/profitanalysis/lib/python3.6/site-packages/dash/dash.py:1507]
2020-04-17 14:29:10,497 INFO: errors [in /Users/jordanlange/Documents/projects/profitanalysis/app.py:222]
2020-04-17 14:29:10,500 INFO: Running on http://0.0.0.0:5000/explore/ [in /Users/jordanlange/Documents/projects/profitanalysis/lib/python3.6/site-packages/dash/dash.py:1496]
2020-04-17 14:29:10,500 INFO: Debugger PIN: 101-032-216 [in /Users/jordanlange/Documents/projects/profitanalysis/lib/python3.6/site-packages/dash/dash.py:1507]
2020-04-17 14:29:41,480 INFO: errors [in /Users/jordanlange/Documents/projects/profitanalysis/app.py:222]
2020-04-17 14:29:41,483 INFO: Running on http://0.0.0.0:5000/explore/ [in /Users/jordanlange/Documents/projects/profitanalysis/lib/python3.6/site-packages/dash/dash.py:1496]
2020-04-17 14:29:41,483 INFO: Debugger PIN: 199-457-297 [in /Users/jordanlange/Documents/projects/profitanalysis/lib/python3.6/site-packages/dash/dash.py:1507]
2020-04-17 14:32:07,117 INFO: errors [in app.py:218]
2020-04-17 14:32:07,119 INFO: Running on http://0.0.0.0:5000/explore/ [in /Users/jordanlange/Documents/projects/profitanalysis/lib/python3.6/site-packages/dash/dash.py:1496]
2020-04-17 14:32:07,120 INFO: Debugger PIN: 824-595-152 [in /Users/jordanlange/Documents/projects/profitanalysis/lib/python3.6/site-packages/dash/dash.py:1507]
2020-04-17 14:32:08,453 INFO: errors [in /Users/jordanlange/Documents/projects/profitanalysis/app.py:218]
2020-04-17 14:32:08,456 INFO: Running on http://0.0.0.0:5000/explore/ [in /Users/jordanlange/Documents/projects/profitanalysis/lib/python3.6/site-packages/dash/dash.py:1496]
2020-04-17 14:32:08,456 INFO: Debugger PIN: 869-714-391 [in /Users/jordanlange/Documents/projects/profitanalysis/lib/python3.6/site-packages/dash/dash.py:1507]
2020-04-17 14:36:37,628 INFO: errors [in /Users/jordanlange/Documents/projects/profitanalysis/app.py:217]
2020-04-17 14:36:37,633 INFO: Running on http://0.0.0.0:5000/explore/ [in /Users/jordanlange/Documents/projects/profitanalysis/lib/python3.6/site-packages/dash/dash.py:1496]
2020-04-17 14:36:37,634 INFO: Debugger PIN: 128-134-316 [in /Users/jordanlange/Documents/projects/profitanalysis/lib/python3.6/site-packages/dash/dash.py:1507]
2020-04-17 14:39:12,141 INFO: errors [in /Users/jordanlange/Documents/projects/profitanalysis/app.py:217]
2020-04-17 14:39:12,145 INFO: Running on http://0.0.0.0:5000/explore/ [in /Users/jordanlange/Documents/projects/profitanalysis/lib/python3.6/site-packages/dash/dash.py:1496]
2020-04-17 14:39:12,146 INFO: Debugger PIN: 080-569-233 [in /Users/jordanlange/Documents/projects/profitanalysis/lib/python3.6/site-packages/dash/dash.py:1507]
2020-04-17 14:39:15,892 INFO: errors [in /Users/jordanlange/Documents/projects/profitanalysis/app.py:217]
2020-04-17 14:39:15,895 INFO: Running on http://0.0.0.0:5000/explore/ [in /Users/jordanlange/Documents/projects/profitanalysis/lib/python3.6/site-packages/dash/dash.py:1496]
2020-04-17 14:39:15,896 INFO: Debugger PIN: 435-882-617 [in /Users/jordanlange/Documents/projects/profitanalysis/lib/python3.6/site-packages/dash/dash.py:1507]
2020-04-17 14:40:24,045 INFO: errors [in /Users/jordanlange/Documents/projects/profitanalysis/app.py:217]
2020-04-17 14:40:24,048 INFO: Running on http://0.0.0.0:5000/explore/ [in /Users/jordanlange/Documents/projects/profitanalysis/lib/python3.6/site-packages/dash/dash.py:1496]
2020-04-17 14:40:24,049 INFO: Debugger PIN: 932-345-385 [in /Users/jordanlange/Documents/projects/profitanalysis/lib/python3.6/site-packages/dash/dash.py:1507]
2020-04-17 14:42:29,099 INFO: errors [in /Users/jordanlange/Documents/projects/profitanalysis/app.py:217]
2020-04-17 14:42:29,102 INFO: Running on http://0.0.0.0:5000/explore/ [in /Users/jordanlange/Documents/projects/profitanalysis/lib/python3.6/site-packages/dash/dash.py:1496]
2020-04-17 14:42:29,103 INFO: Debugger PIN: 670-647-353 [in /Users/jordanlange/Documents/projects/profitanalysis/lib/python3.6/site-packages/dash/dash.py:1507]
2020-04-17 14:42:33,835 INFO: errors [in /Users/jordanlange/Documents/projects/profitanalysis/app.py:217]
2020-04-17 14:42:33,839 INFO: Running on http://0.0.0.0:5000/explore/ [in /Users/jordanlange/Documents/projects/profitanalysis/lib/python3.6/site-packages/dash/dash.py:1496]
2020-04-17 14:42:33,841 INFO: Debugger PIN: 141-299-819 [in /Users/jordanlange/Documents/projects/profitanalysis/lib/python3.6/site-packages/dash/dash.py:1507]
2020-04-17 14:42:51,080 INFO: errors [in /Users/jordanlange/Documents/projects/profitanalysis/app.py:217]
2020-04-17 14:42:51,097 INFO: Running on http://0.0.0.0:5000/explore/ [in /Users/jordanlange/Documents/projects/profitanalysis/lib/python3.6/site-packages/dash/dash.py:1496]
2020-04-17 14:42:51,109 INFO: Debugger PIN: 197-288-342 [in /Users/jordanlange/Documents/projects/profitanalysis/lib/python3.6/site-packages/dash/dash.py:1507]
2020-04-17 14:43:07,382 INFO: errors [in /Users/jordanlange/Documents/projects/profitanalysis/app.py:217]
2020-04-17 14:43:07,385 INFO: Running on http://0.0.0.0:5000/explore/ [in /Users/jordanlange/Documents/projects/profitanalysis/lib/python3.6/site-packages/dash/dash.py:1496]
2020-04-17 14:43:07,386 INFO: Debugger PIN: 791-678-962 [in /Users/jordanlange/Documents/projects/profitanalysis/lib/python3.6/site-packages/dash/dash.py:1507]
2020-04-17 14:44:06,399 INFO: errors [in /Users/jordanlange/Documents/projects/profitanalysis/app.py:217]
2020-04-17 14:44:06,402 INFO: Running on http://0.0.0.0:5000/explore/ [in /Users/jordanlange/Documents/projects/profitanalysis/lib/python3.6/site-packages/dash/dash.py:1496]
2020-04-17 14:44:06,402 INFO: Debugger PIN: 495-169-851 [in /Users/jordanlange/Documents/projects/profitanalysis/lib/python3.6/site-packages/dash/dash.py:1507]
2020-04-17 14:45:08,815 INFO: errors [in /Users/jordanlange/Documents/projects/profitanalysis/app.py:217]
2020-04-17 14:45:08,824 INFO: Running on http://0.0.0.0:5000/explore/ [in /Users/jordanlange/Documents/projects/profitanalysis/lib/python3.6/site-packages/dash/dash.py:1496]
2020-04-17 14:45:08,835 INFO: Debugger PIN: 028-946-531 [in /Users/jordanlange/Documents/projects/profitanalysis/lib/python3.6/site-packages/dash/dash.py:1507]
2020-04-17 14:46:50,718 INFO: errors [in /Users/jordanlange/Documents/projects/profitanalysis/app.py:217]
2020-04-17 14:46:50,724 INFO: Running on http://0.0.0.0:5000/explore/ [in /Users/jordanlange/Documents/projects/profitanalysis/lib/python3.6/site-packages/dash/dash.py:1496]
2020-04-17 14:46:50,725 INFO: Debugger PIN: 627-784-778 [in /Users/jordanlange/Documents/projects/profitanalysis/lib/python3.6/site-packages/dash/dash.py:1507]
2020-04-17 14:48:07,399 INFO: errors [in /Users/jordanlange/Documents/projects/profitanalysis/app.py:217]
2020-04-17 14:48:07,428 INFO: Running on http://0.0.0.0:5000/explore/ [in /Users/jordanlange/Documents/projects/profitanalysis/lib/python3.6/site-packages/dash/dash.py:1496]
2020-04-17 14:48:07,440 INFO: Debugger PIN: 040-987-674 [in /Users/jordanlange/Documents/projects/profitanalysis/lib/python3.6/site-packages/dash/dash.py:1507]
2020-04-17 14:48:51,704 INFO: errors [in /Users/jordanlange/Documents/projects/profitanalysis/app.py:219]
2020-04-17 14:48:51,707 INFO: Running on http://0.0.0.0:5000/explore/ [in /Users/jordanlange/Documents/projects/profitanalysis/lib/python3.6/site-packages/dash/dash.py:1496]
2020-04-17 14:48:51,708 INFO: Debugger PIN: 137-773-968 [in /Users/jordanlange/Documents/projects/profitanalysis/lib/python3.6/site-packages/dash/dash.py:1507]
2020-04-17 14:56:02,522 INFO: errors [in /Users/jordanlange/Documents/projects/profitanalysis/app.py:219]
2020-04-17 14:56:02,530 INFO: Running on http://0.0.0.0:5000/explore/ [in /Users/jordanlange/Documents/projects/profitanalysis/lib/python3.6/site-packages/dash/dash.py:1496]
2020-04-17 14:56:02,531 INFO: Debugger PIN: 199-051-900 [in /Users/jordanlange/Documents/projects/profitanalysis/lib/python3.6/site-packages/dash/dash.py:1507]
2020-04-17 14:57:33,203 INFO: errors [in app.py:221]
2020-04-17 14:57:33,206 INFO: Running on http://0.0.0.0:5000/explore/ [in /Users/jordanlange/Documents/projects/profitanalysis/lib/python3.6/site-packages/dash/dash.py:1496]
2020-04-17 14:57:33,206 INFO: Debugger PIN: 159-303-964 [in /Users/jordanlange/Documents/projects/profitanalysis/lib/python3.6/site-packages/dash/dash.py:1507]
2020-04-17 14:57:34,410 INFO: errors [in /Users/jordanlange/Documents/projects/profitanalysis/app.py:221]
2020-04-17 14:57:34,413 INFO: Running on http://0.0.0.0:5000/explore/ [in /Users/jordanlange/Documents/projects/profitanalysis/lib/python3.6/site-packages/dash/dash.py:1496]
2020-04-17 14:57:34,413 INFO: Debugger PIN: 562-390-270 [in /Users/jordanlange/Documents/projects/profitanalysis/lib/python3.6/site-packages/dash/dash.py:1507]
2020-04-17 15:06:19,903 INFO: errors [in app.py:222]
2020-04-17 15:06:19,905 INFO: Running on http://0.0.0.0:5000/explore/ [in /Users/jordanlange/Documents/projects/profitanalysis/lib/python3.6/site-packages/dash/dash.py:1496]
2020-04-17 15:06:19,905 INFO: Debugger PIN: 399-243-306 [in /Users/jordanlange/Documents/projects/profitanalysis/lib/python3.6/site-packages/dash/dash.py:1507]
2020-04-17 15:06:21,136 INFO: errors [in /Users/jordanlange/Documents/projects/profitanalysis/app.py:222]
2020-04-17 15:06:21,138 INFO: Running on http://0.0.0.0:5000/explore/ [in /Users/jordanlange/Documents/projects/profitanalysis/lib/python3.6/site-packages/dash/dash.py:1496]
2020-04-17 15:06:21,138 INFO: Debugger PIN: 335-126-669 [in /Users/jordanlange/Documents/projects/profitanalysis/lib/python3.6/site-packages/dash/dash.py:1507]
2020-04-17 15:06:58,381 INFO: errors [in /Users/jordanlange/Documents/projects/profitanalysis/app.py:222]
2020-04-17 15:06:58,383 INFO: Running on http://0.0.0.0:5000/explore/ [in /Users/jordanlange/Documents/projects/profitanalysis/lib/python3.6/site-packages/dash/dash.py:1496]
2020-04-17 15:06:58,383 INFO: Debugger PIN: 163-885-708 [in /Users/jordanlange/Documents/projects/profitanalysis/lib/python3.6/site-packages/dash/dash.py:1507]
2020-04-17 15:07:34,984 INFO: errors [in /Users/jordanlange/Documents/projects/profitanalysis/app.py:221]
2020-04-17 15:07:34,990 INFO: Running on http://0.0.0.0:5000/explore/ [in /Users/jordanlange/Documents/projects/profitanalysis/lib/python3.6/site-packages/dash/dash.py:1496]
2020-04-17 15:07:34,995 INFO: Debugger PIN: 269-844-189 [in /Users/jordanlange/Documents/projects/profitanalysis/lib/python3.6/site-packages/dash/dash.py:1507]
2020-04-17 15:13:18,887 INFO: errors [in app.py:221]
2020-04-17 15:13:18,892 INFO: Running on http://0.0.0.0:5000/explore/ [in /Users/jordanlange/Documents/projects/profitanalysis/lib/python3.6/site-packages/dash/dash.py:1496]
2020-04-17 15:13:18,894 INFO: Debugger PIN: 548-478-265 [in /Users/jordanlange/Documents/projects/profitanalysis/lib/python3.6/site-packages/dash/dash.py:1507]
2020-04-17 15:13:20,560 INFO: errors [in /Users/jordanlange/Documents/projects/profitanalysis/app.py:221]
2020-04-17 15:13:20,563 INFO: Running on http://0.0.0.0:5000/explore/ [in /Users/jordanlange/Documents/projects/profitanalysis/lib/python3.6/site-packages/dash/dash.py:1496]
2020-04-17 15:13:20,563 INFO: Debugger PIN: 994-399-524 [in /Users/jordanlange/Documents/projects/profitanalysis/lib/python3.6/site-packages/dash/dash.py:1507]
2020-04-17 15:14:04,398 INFO: errors [in /Users/jordanlange/Documents/projects/profitanalysis/app.py:221]
2020-04-17 15:14:04,401 INFO: Running on http://0.0.0.0:5000/explore/ [in /Users/jordanlange/Documents/projects/profitanalysis/lib/python3.6/site-packages/dash/dash.py:1496]
2020-04-17 15:14:04,402 INFO: Debugger PIN: 842-298-522 [in /Users/jordanlange/Documents/projects/profitanalysis/lib/python3.6/site-packages/dash/dash.py:1507]
2020-04-17 15:14:45,475 INFO: errors [in /Users/jordanlange/Documents/projects/profitanalysis/app.py:221]
2020-04-17 15:14:45,479 INFO: Running on http://0.0.0.0:5000/explore/ [in /Users/jordanlange/Documents/projects/profitanalysis/lib/python3.6/site-packages/dash/dash.py:1496]
2020-04-17 15:14:45,479 INFO: Debugger PIN: 627-482-901 [in /Users/jordanlange/Documents/projects/profitanalysis/lib/python3.6/site-packages/dash/dash.py:1507]
2020-04-18 10:52:40,219 INFO: errors [in app.py:221]
2020-04-18 10:52:40,225 INFO: Running on http://0.0.0.0:5000/explore/ [in /Users/jordanlange/Documents/projects/profitanalysis/lib/python3.6/site-packages/dash/dash.py:1496]
2020-04-18 10:52:40,228 INFO: Debugger PIN: 982-485-060 [in /Users/jordanlange/Documents/projects/profitanalysis/lib/python3.6/site-packages/dash/dash.py:1507]
2020-04-18 10:52:44,732 INFO: errors [in /Users/jordanlange/Documents/projects/profitanalysis/app.py:221]
2020-04-18 10:52:44,736 INFO: Running on http://0.0.0.0:5000/explore/ [in /Users/jordanlange/Documents/projects/profitanalysis/lib/python3.6/site-packages/dash/dash.py:1496]
2020-04-18 10:52:44,737 INFO: Debugger PIN: 274-359-354 [in /Users/jordanlange/Documents/projects/profitanalysis/lib/python3.6/site-packages/dash/dash.py:1507]
2020-04-18 18:56:24,053 INFO: errors [in app.py:221]
2020-04-18 18:56:24,058 INFO: Running on http://0.0.0.0:5000/explore/ [in /Users/jordanlange/Documents/projects/profitanalysis/lib/python3.6/site-packages/dash/dash.py:1496]
2020-04-18 18:56:24,058 INFO: Debugger PIN: 884-938-152 [in /Users/jordanlange/Documents/projects/profitanalysis/lib/python3.6/site-packages/dash/dash.py:1507]
2020-04-18 18:56:25,434 INFO: errors [in /Users/jordanlange/Documents/projects/profitanalysis/app.py:221]
2020-04-18 18:56:25,438 INFO: Running on http://0.0.0.0:5000/explore/ [in /Users/jordanlange/Documents/projects/profitanalysis/lib/python3.6/site-packages/dash/dash.py:1496]
2020-04-18 18:56:25,438 INFO: Debugger PIN: 484-498-449 [in /Users/jordanlange/Documents/projects/profitanalysis/lib/python3.6/site-packages/dash/dash.py:1507]
2020-04-18 18:57:07,784 INFO: errors [in app.py:221]
2020-04-18 18:57:07,788 INFO: Running on http://0.0.0.0:5000/explore/ [in /Users/jordanlange/Documents/projects/profitanalysis/lib/python3.6/site-packages/dash/dash.py:1496]
2020-04-18 18:57:07,789 INFO: Debugger PIN: 304-756-714 [in /Users/jordanlange/Documents/projects/profitanalysis/lib/python3.6/site-packages/dash/dash.py:1507]
2020-04-18 18:57:08,895 INFO: errors [in /Users/jordanlange/Documents/projects/profitanalysis/app.py:221]
2020-04-18 18:57:08,897 INFO: Running on http://0.0.0.0:5000/explore/ [in /Users/jordanlange/Documents/projects/profitanalysis/lib/python3.6/site-packages/dash/dash.py:1496]
2020-04-18 18:57:08,898 INFO: Debugger PIN: 234-633-146 [in /Users/jordanlange/Documents/projects/profitanalysis/lib/python3.6/site-packages/dash/dash.py:1507]
2020-05-30 18:19:56,935 INFO: errors [in app.py:221]
2020-05-30 18:19:56,936 INFO: Running on http://0.0.0.0:5000/explore/ [in /opt/anaconda3/lib/python3.7/site-packages/dash/dash.py:1496]
2020-05-30 18:19:56,936 INFO: Debugger PIN: 866-639-292 [in /opt/anaconda3/lib/python3.7/site-packages/dash/dash.py:1507]
2020-05-30 18:19:58,296 INFO: errors [in /Users/jordanlange/Documents/projects/abide/app.py:221]
2020-05-30 18:19:58,297 INFO: Running on http://0.0.0.0:5000/explore/ [in /opt/anaconda3/lib/python3.7/site-packages/dash/dash.py:1496]
2020-05-30 18:19:58,297 INFO: Debugger PIN: 172-950-972 [in /opt/anaconda3/lib/python3.7/site-packages/dash/dash.py:1507]
